[debug] [2023-09-11T01:02:23.872Z] ----------------------------------------------------------------------
[debug] [2023-09-11T01:02:23.874Z] Command:       C:\Program Files\nodejs\node.exe C:\Users\ptaqu\AppData\Roaming\npm\node_modules\firebase-tools\lib\bin\firebase.js init
[debug] [2023-09-11T01:02:23.874Z] CLI Version:   12.5.2
[debug] [2023-09-11T01:02:23.874Z] Platform:      win32
[debug] [2023-09-11T01:02:23.874Z] Node Version:  v18.16.0
[debug] [2023-09-11T01:02:23.875Z] Time:          Sun Sep 10 2023 22:02:23 GMT-0300 (hora estándar de Argentina)
[debug] [2023-09-11T01:02:23.875Z] ----------------------------------------------------------------------
[debug] 
[debug] [2023-09-11T01:02:23.932Z] > command requires scopes: ["email","openid","https://www.googleapis.com/auth/cloudplatformprojects.readonly","https://www.googleapis.com/auth/firebase","https://www.googleapis.com/auth/cloud-platform"]
[debug] [2023-09-11T01:02:23.933Z] > authorizing via signed-in user (ptaquino2003@gmail.com)
[info] 
     ######## #### ########  ######## ########     ###     ######  ########
     ##        ##  ##     ## ##       ##     ##  ##   ##  ##       ##
     ######    ##  ########  ######   ########  #########  ######  ######
     ##        ##  ##    ##  ##       ##     ## ##     ##       ## ##
     ##       #### ##     ## ######## ########  ##     ##  ######  ########

You're about to initialize a Firebase project in this directory:

  C:\Users\ptaqu\OneDrive\Documents\Pedro\Programación\propio\nummis

Before we get started, keep in mind:

  * You are initializing within an existing Firebase project directory

[info] 
=== Project Setup
[info] 
[info] First, let's associate this project directory with a Firebase project.
[info] You can create multiple project aliases by running firebase use --add, 
[info] but for now we'll just set up a default project.
[info] 
[debug] [2023-09-11T01:02:28.919Z] Using project from CLI flag: expense-tracker-66c0b
[debug] [2023-09-11T01:02:28.920Z] >>> [apiv2][query] GET https://firebase.googleapis.com/v1beta1/projects/expense-tracker-66c0b [none]
[debug] [2023-09-11T01:02:29.269Z] <<< [apiv2][status] GET https://firebase.googleapis.com/v1beta1/projects/expense-tracker-66c0b 200
[debug] [2023-09-11T01:02:29.269Z] <<< [apiv2][body] GET https://firebase.googleapis.com/v1beta1/projects/expense-tracker-66c0b {"projectId":"expense-tracker-66c0b","projectNumber":"511327446854","displayName":"expense-tracker","name":"projects/expense-tracker-66c0b","resources":{"hostingSite":"expense-tracker-66c0b"},"state":"ACTIVE","etag":"1_3934c10b-2b77-4af6-a614-dacd9aa3c665"}
[info] i  Using project expense-tracker-66c0b (expense-tracker) 
[info] 
=== Hosting Setup
[info] 
[info] Your public directory is the folder (relative to your project directory) that
[info] will contain Hosting assets to be uploaded with firebase deploy. If you
[info] have a build process for your assets, use your build's output directory.
[info] 
[info] +  Wrote build/404.html 
[debug] [2023-09-11T01:02:39.259Z] >>> [apiv2][query] GET https://www.gstatic.com/firebasejs/releases.json [none]
[debug] [2023-09-11T01:02:39.465Z] <<< [apiv2][status] GET https://www.gstatic.com/firebasejs/releases.json 200
[debug] [2023-09-11T01:02:39.465Z] <<< [apiv2][body] GET https://www.gstatic.com/firebasejs/releases.json {"current":{"version":"10.3.1","browserURL":"https://www.gstatic.com/firebasejs/10.3.1/firebase.js","packageURL":"https://www.gstatic.com/firebasejs/10.3.1/firebase.tgz"},"live":{"version":"10.3","browserURL":"https://www.gstatic.com/firebasejs/live/10.3/firebase.js","packageURL":"https://www.gstatic.com/firebasejs/live/10.3/firebase.tgz"},"components":{"analytics":"https://www.gstatic.com/firebasejs/10.3.1/firebase-analytics.js","app":"https://www.gstatic.com/firebasejs/10.3.1/firebase-app.js","app-check":"https://www.gstatic.com/firebasejs/10.3.1/firebase-app-check.js","auth":"https://www.gstatic.com/firebasejs/10.3.1/firebase-auth.js","auth/cordova":"https://www.gstatic.com/firebasejs/10.3.1/firebase-auth/cordova.js","functions":"https://www.gstatic.com/firebasejs/10.3.1/firebase-functions.js","firestore":"https://www.gstatic.com/firebasejs/10.3.1/firebase-firestore.js","firestore/lite":"https://www.gstatic.com/firebasejs/10.3.1/firebase-firestore/lite.js","installations":"https://www.gstatic.com/firebasejs/10.3.1/firebase-installations.js","storage":"https://www.gstatic.com/firebasejs/10.3.1/firebase-storage.js","performance":"https://www.gstatic.com/firebasejs/10.3.1/firebase-performance.js","remote-config":"https://www.gstatic.com/firebasejs/10.3.1/firebase-remote-config.js","messaging":"https://www.gstatic.com/firebasejs/10.3.1/firebase-messaging.js","messaging/sw":"https://www.gstatic.com/firebasejs/10.3.1/firebase-messaging/sw.js","database":"https://www.gstatic.com/firebasejs/10.3.1/firebase-database.js","firestore.memory":"https://www.gstatic.com/firebasejs/10.3.1/firebase-firestore.memory.js"}}
[info] i  Skipping write of build/index.html 
[info] 
[info] i  Detected a .git folder at C:\Users\ptaqu\OneDrive\Documents\Pedro\Programación\propio\nummis 
[info] i  Authorizing with GitHub to upload your service account to a GitHub repository's secrets store. 
[info] 
[info] Visit this URL on this device to log in:
[info] https://github.com/login/oauth/authorize?client_id=89cf50f02ac6aaed3484&state=371175218&redirect_uri=http%3A%2F%2Flocalhost%3A9005&scope=read%3Auser%20repo%20public_repo
[info] 
[info] Waiting for authentication...
[debug] [2023-09-11T01:02:41.037Z] >>> [apiv2][query] POST https://github.com/login/oauth/access_token [none]
[debug] [2023-09-11T01:02:41.037Z] >>> [apiv2][body] POST https://github.com/login/oauth/access_token [stream]
[debug] [2023-09-11T01:02:41.511Z] <<< [apiv2][status] POST https://github.com/login/oauth/access_token 200
[debug] [2023-09-11T01:02:41.512Z] <<< [apiv2][body] POST https://github.com/login/oauth/access_token {"access_token":"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","token_type":"bearer","scope":"read:user,repo"}
[debug] [2023-09-11T01:02:41.516Z] >>> [apiv2][query] GET https://api.github.com/user [none]
[debug] [2023-09-11T01:02:41.939Z] <<< [apiv2][status] GET https://api.github.com/user 200
[debug] [2023-09-11T01:02:41.939Z] <<< [apiv2][body] GET https://api.github.com/user {"login":"p14082003","id":24869623,"node_id":"MDQ6VXNlcjI0ODY5NjIz","avatar_url":"https://avatars.githubusercontent.com/u/24869623?v=4","gravatar_id":"","url":"https://api.github.com/users/p14082003","html_url":"https://github.com/p14082003","followers_url":"https://api.github.com/users/p14082003/followers","following_url":"https://api.github.com/users/p14082003/following{/other_user}","gists_url":"https://api.github.com/users/p14082003/gists{/gist_id}","starred_url":"https://api.github.com/users/p14082003/starred{/owner}{/repo}","subscriptions_url":"https://api.github.com/users/p14082003/subscriptions","organizations_url":"https://api.github.com/users/p14082003/orgs","repos_url":"https://api.github.com/users/p14082003/repos","events_url":"https://api.github.com/users/p14082003/events{/privacy}","received_events_url":"https://api.github.com/users/p14082003/received_events","type":"User","site_admin":false,"name":null,"company":null,"blog":"","location":null,"email":null,"hireable":null,"bio":null,"twitter_username":null,"public_repos":3,"public_gists":0,"followers":0,"following":1,"created_at":"2017-01-02T03:45:36Z","updated_at":"2023-09-10T02:23:23Z","private_gists":0,"total_private_repos":1,"owned_private_repos":1,"disk_usage":5377,"collaborators":0,"two_factor_authentication":false,"plan":{"name":"free","space":976562499,"collaborators":0,"private_repos":10000}}
[info] 
[info] +  Success! Logged into GitHub as p14082003 
[info] 
